('desfire-047d4e8a703280', 'Tue Mar 22 17:56:56 2016')
('desfire-047d4e8a703280', 'Tue Mar 22 17:56:57 2016')
('desfire-047d4e8a703280', 'Tue Mar 22 17:57:05 2016')
('desfire-047d4e8a703280', 'Tue Mar 22 17:57:07 2016')
('desfire-047d4e8a703280', 'Tue Mar 22 17:57:18 2016')
('desfire-047d4e8a703280', 'Tue Mar 22 17:57:20 2016')
('desfire-047d4e8a703280', 'Tue Mar 22 18:06:48 2016')
('desfire-047d4e8a703280', 'Tue Mar 22 18:06:49 2016')
('desfire-047d4e8a703280', 'Tue Mar 22 18:15:20 2016')
('desfire-082307a8e4d740', 'Tue Mar 22 18:54:20 2016')
('desfire-082307a8e4d740', 'Tue Mar 22 18:54:33 2016')
('desfire-020aed4', 'Tue Mar 22 18:54:44 2016')
('desfire-047d4e8a703280', 'Tue Mar 22 18:55:07 2016')
('desfire-082307a8e4d7', 'Tue Mar 22 18:57:34 2016')
('desfire-40', 'Tue Mar 22 18:58:06 2016')
('desfire-082307a8e4d740', 'Tue Mar 22 18:58:30 2016')
('desfire-', 'Tue Mar 22 18:58:47 2016')
('desfire-082307a8e4d', 'Tue Mar 22 18:58:59 2016')
('desfire-082307a8e4d740', 'Tue Mar 22 18:59:12 2016')
('desfire-047d4e8a703280', 'Tue Mar 22 19:00:02 2016')
('desfire-8032708a4e7d04', 'Tue Mar 22 19:17:11 2016')
('desfire-8032708a4e7d04', 'Wed Mar 23 18:29:50 2016')
('desfire-8032708a4e7d04', 'Wed Mar 23 18:29:52 2016')
('desfire-8032708a4e7d04', 'Wed Mar 23 18:30:00 2016')
('desfire-8032708a4e7d04', 'Wed Mar 23 18:30:01 2016')
('desfire-8032708a4e7d04', 'Wed Mar 23 18:30:03 2016')
('desfire-8032708a4e7d04', 'Wed Mar 23 18:30:04 2016')
('desfire-8032708a4e7d04', 'Sat Mar 26 05:58:24 2016')
('desfire-8032708a4e7d04', 'Sat Mar 26 05:58:28 2016')
('desfire-8032708a4e7d04', 'Sat Mar 26 05:58:30 2016')
('desfire-8032708a4e7d04', 'Sat Mar 26 05:58:31 2016')
('desfire-8032708a4e7d04', 'Sat Mar 26 05:58:32 2016')
('desfire-8032708a4e7d04', 'Sat Mar 26 06:05:12 2016')
('desfire-8032708a4e7d04', 'Sat Mar 26 06:05:13 2016')
('desfire-8032708a4e7d04', 'Sat Mar 26 06:05:15 2016')
('desfire-8032708a4e7d04', 'Sat Mar 26 06:05:16 2016')
('desfire-c7ce5447', 'Mon Mar 28 20:17:33 2016')
('desfire-c7ce5447', 'Mon Mar 28 20:17:37 2016')
('desfire-c7ce5447', 'Mon Mar 28 20:24:12 2016')
('desfire-c7ce5447', 'Mon Mar 28 20:24:14 2016')
