('desfire-8032708a4e7d04', 'Wed Mar 30 23:23:39 2016')
('desfire-8032708a4e7d04', 'Fri Apr  1 00:39:39 2016')
('desfire-8032708a4e7d04', 'Fri Apr  1 00:39:45 2016')
('desfire-8032708a4e7d04', 'Fri Apr  1 00:39:47 2016')
('desfire-8032708a4e7d04', 'Fri Apr  1 00:39:50 2016')
('desfire-8032708a4e7d04', 'Fri Apr  1 00:40:11 2016')
('desfire-8032708a4e7d04', 'Fri Apr  1 00:40:29 2016')
('desfire-8032708a4e7d04', 'Fri Apr  1 00:40:30 2016')
('desfire-8032708a4e7d04', 'Fri Apr  1 00:40:32 2016')
('desfire-8032708a4e7d04', 'Fri Apr  1 00:40:33 2016')
('desfire-8032708a4e7d04', 'Fri Apr  1 22:29:54 2016')
('desfire-8032708a4e7d04', 'Fri Apr  1 22:29:59 2016')
('desfire-8032708a4e7d04', 'Fri Apr  1 22:30:02 2016')
('desfire-8032708a4e7d04', 'Fri Apr  1 22:30:05 2016')
('desfire-8032708a4e7d04', 'Fri Apr  1 22:30:24 2016')
('desfire-8032708a4e7d04', 'Fri Apr  1 22:30:25 2016')
('desfire-8032708a4e7d04', 'Fri Apr  1 22:30:52 2016')
('desfire-8032708a4e7d04', 'Fri Apr  1 22:30:53 2016')
('desfire-8032708a4e7d04', 'Fri Apr  1 22:30:55 2016')
('desfire-8032708a4e7d04', 'Fri Apr  1 22:31:04 2016')
('desfire-8032708a4e7d04', 'Fri Apr  1 22:31:06 2016')
('desfire-8032708a4e7d04', 'Fri Apr  1 22:31:08 2016')
('desfire-8032708a4e7d04', 'Fri Apr  1 22:31:35 2016')
('desfire-8032708a4e7d04', 'Fri Apr  1 22:31:37 2016')
('desfire-8032708a4e7d04', 'Fri Apr  1 22:31:39 2016')
('desfire-8032708a4e7d04', 'Fri Apr  1 22:31:41 2016')
('desfire-8032708a4e7d04', 'Fri Apr  1 23:08:34 2016')
('desfire-8032708a4e7d04', 'Fri Apr  1 23:08:34 2016')
('desfire-8032708a4e7d04', 'Fri Apr  1 23:08:37 2016')
('desfire-8032708a4e7d04', 'Fri Apr  1 23:08:37 2016')
('desfire-8032708a4e7d04', 'Fri Apr  1 23:08:39 2016')
('desfire-8032708a4e7d04', 'Fri Apr  1 23:08:39 2016')
('desfire-8032708a4e7d04', 'Fri Apr  1 23:08:41 2016')
('desfire-8032708a4e7d04', 'Fri Apr  1 23:08:41 2016')
('desfire-8032708a4e7d04', 'Fri Apr  1 23:08:48 2016')
('desfire-8032708a4e7d04', 'Fri Apr  1 23:08:50 2016')
('desfire-8032708a4e7d04', 'Fri Apr  1 23:08:54 2016')
('desfire-8032708a4e7d04', 'Fri Apr  1 23:08:56 2016')
('desfire-8032708a4e7d04', 'Fri Apr  1 23:09:12 2016')
('desfire-8032708a4e7d04', 'Fri Apr  1 23:09:14 2016')
('desfire-8032708a4e7d04', 'Fri Apr  1 23:09:17 2016')
('desfire-8032708a4e7d04', 'Fri Apr  1 23:09:20 2016')
('desfire-8032708a4e7d04', 'Fri Apr  1 23:09:22 2016')
('desfire-8032708a4e7d04', 'Fri Apr  1 23:09:26 2016')
('desfire-8032708a4e7d04', 'Fri Apr  1 23:09:32 2016')
('desfire-8032708a4e7d04', 'Fri Apr  1 23:09:36 2016')
('desfire-8032708a4e7d04', 'Fri Apr  1 23:09:39 2016')
('desfire-8032708a4e7d04', 'Fri Apr  1 23:09:41 2016')
('desfire-8032708a4e7d04', 'Fri Apr  1 23:09:42 2016')
('desfire-8032708a4e7d04', 'Fri Apr  1 23:09:44 2016')
('desfire-8032708a4e7d04', 'Fri Apr  1 23:09:45 2016')
('desfire-8032708a4e7d04', 'Fri Apr  1 23:09:46 2016')
('desfire-8032708a4e7d04', 'Fri Apr  1 23:09:48 2016')
('desfire-8032708a4e7d04', 'Fri Apr  1 23:09:50 2016')
('desfire-8032708a4e7d04', 'Fri Apr  1 23:10:11 2016')
('desfire-8032708a4e7d04', 'Fri Apr  1 23:10:18 2016')
('desfire-8032708a4e7d04', 'Fri Apr  1 23:10:20 2016')
('desfire-8032708a4e7d04', 'Fri Apr  1 23:10:22 2016')
('desfire-8032708a4e7d04', 'Fri Apr  1 23:10:24 2016')
('desfire-8032708a4e7d04', 'Fri Apr  1 23:10:26 2016')
('desfire-8032708a4e7d04', 'Fri Apr  1 23:10:28 2016')
('desfire-8032708a4e7d04', 'Fri Apr  1 23:10:30 2016')
('desfire-8032708a4e7d04', 'Fri Apr  1 23:10:32 2016')
('desfire-8032708a4e7d04', 'Fri Apr  1 23:10:33 2016')
('desfire-8032708a4e7d04', 'Fri Apr  1 23:10:34 2016')
('desfire-8032708a4e7d04', 'Fri Apr  1 23:10:35 2016')
('desfire-8032708a4e7d04', 'Fri Apr  1 23:10:37 2016')
('desfire-8032708a4e7d04', 'Fri Apr  1 23:11:12 2016')
('desfire-8032708a4e7d04', 'Fri Apr  1 23:11:15 2016')
('desfire-8032708a4e7d04', 'Fri Apr  1 23:11:18 2016')
('desfire-8032708a4e7d04', 'Fri Apr  1 23:11:20 2016')
('desfire-8032708a4e7d04', 'Fri Apr  1 23:11:41 2016')
('desfire-8032708a4e7d04', 'Fri Apr  1 23:11:43 2016')
('desfire-8032708a4e7d04', 'Fri Apr  1 23:11:45 2016')
('desfire-8032708a4e7d04', 'Fri Apr  1 23:21:39 2016')
('desfire-8032708a4e7d04', 'Fri Apr  1 23:21:42 2016')
('desfire-8032708a4e7d04', 'Fri Apr  1 23:22:56 2016')
('desfire-8032708a4e7d04', 'Fri Apr  1 23:22:59 2016')
('desfire-8032708a4e7d04', 'Fri Apr  1 23:29:49 2016')
('desfire-8032708a4e7d04', 'Fri Apr  1 23:29:50 2016')
('desfire-8032708a4e7d04', 'Fri Apr  1 23:30:21 2016')
('desfire-8032708a4e7d04', 'Fri Apr  1 23:30:23 2016')
('desfire-8032708a4e7d04', 'Fri Apr  1 23:30:57 2016')
('desfire-8032708a4e7d04', 'Fri Apr  1 23:30:59 2016')
('desfire-8032708a4e7d04', 'Fri Apr  1 23:31:01 2016')
('desfire-8032708a4e7d04', 'Fri Apr  1 23:33:22 2016')
('desfire-8032708a4e7d04', 'Fri Apr  1 23:33:24 2016')
('desfire-8032708a4e7d04', 'Fri Apr  1 23:35:53 2016')
('desfire-8032708a4e7d04', 'Fri Apr  1 23:35:55 2016')
('desfire-8032708a4e7d04', 'Fri Apr  1 23:35:57 2016')
('desfire-8032708a4e7d04', 'Fri Apr  1 23:36:17 2016')
('desfire-8032708a4e7d04', 'Fri Apr  1 23:36:18 2016')
('desfire-8032708a4e7d04', 'Fri Apr  1 23:36:20 2016')
('desfire-8032708a4e7d04', 'Fri Apr  1 23:36:21 2016')
('desfire-8032708a4e7d04', 'Fri Apr  1 23:36:22 2016')
('desfire-8032708a4e7d04', 'Fri Apr  1 23:36:24 2016')
('desfire-8032708a4e7d04', 'Fri Apr  1 23:36:25 2016')
('desfire-8032708a4e7d04', 'Fri Apr  1 23:36:26 2016')
('desfire-8032708a4e7d04', 'Fri Apr  1 23:36:27 2016')
('desfire-8032708a4e7d04', 'Fri Apr  1 23:36:29 2016')
('desfire-8032708a4e7d04', 'Fri Apr  1 23:36:30 2016')
('desfire-8032708a4e7d04', 'Fri Apr  1 23:36:31 2016')
('desfire-8032708a4e7d04', 'Fri Apr  1 23:36:54 2016')
('desfire-8032708a4e7d04', 'Fri Apr  1 23:36:55 2016')
('desfire-8032708a4e7d04', 'Fri Apr  1 23:36:57 2016')
('desfire-8032708a4e7d04', 'Fri Apr  1 23:37:53 2016')
('desfire-8032708a4e7d04', 'Fri Apr  1 23:37:54 2016')
('desfire-8032708a4e7d04', 'Fri Apr  1 23:38:38 2016')
('desfire-8032708a4e7d04', 'Fri Apr  1 23:38:40 2016')
('desfire-8032708a4e7d04', 'Fri Apr  1 23:38:42 2016')
('desfire-8032708a4e7d04', 'Fri Apr  1 23:39:01 2016')
('desfire-8032708a4e7d04', 'Fri Apr  1 23:39:03 2016')
('desfire-8032708a4e7d04', 'Fri Apr  1 23:40:42 2016')
('desfire-8032708a4e7d04', 'Fri Apr  1 23:40:59 2016')
('desfire-8032708a4e7d04', 'Fri Apr  1 23:41:01 2016')
('desfire-8032708a4e7d04', 'Fri Apr  1 23:41:43 2016')
('desfire-8032708a4e7d04', 'Fri Apr  1 23:41:46 2016')
('desfire-8032708a4e7d04', 'Fri Apr  1 23:42:44 2016')
('desfire-8032708a4e7d04', 'Fri Apr  1 23:42:59 2016')
('desfire-8032708a4e7d04', 'Fri Apr  1 23:43:01 2016')
('desfire-8032708a4e7d04', 'Fri Apr  1 23:44:43 2016')
('desfire-8032708a4e7d04', 'Fri Apr  1 23:45:18 2016')
('desfire-8032708a4e7d04', 'Sat Apr  2 00:37:22 2016')
('desfire-8032708a4e7d04', 'Sat Apr  2 00:37:24 2016')
('desfire-8032708a4e7d04', 'Sat Apr  2 00:38:29 2016')
('desfire-8032708a4e7d04', 'Sat Apr  2 00:38:55 2016')
('desfire-8032708a4e7d04', 'Sat Apr  2 00:46:29 2016')
('desfire-8032708a4e7d04', 'Sat Apr  2 00:46:33 2016')
('desfire-8032708a4e7d04', 'Sat Apr  2 00:46:47 2016')
('desfire-8032708a4e7d04', 'Sat Apr  2 00:46:55 2016')
('desfire-8032708a4e7d04', 'Sat Apr  2 00:47:09 2016')
('desfire-8032708a4e7d04', 'Sat Apr  2 00:47:56 2016')
('desfire-8032708a4e7d04', 'Sat Apr  2 00:47:58 2016')
('desfire-8032708a4e7d04', 'Sat Apr  2 00:51:09 2016')
('desfire-8032708a4e7d04', 'Sat Apr  2 00:51:17 2016')
('desfire-8032708a4e7d04', 'Sat Apr  2 00:51:19 2016')
('desfire-8032708a4e7d04', 'Sat Apr  2 01:55:36 2016')
('desfire-8032708a4e7d04', 'Sat Apr  2 01:55:38 2016')
('desfire-8032708a4e7d04', 'Sat Apr  2 01:55:40 2016')
('desfire-8032708a4e7d04', 'Sat Apr  2 01:55:41 2016')
('desfire-8032708a4e7d04', 'Sat Apr  2 20:44:16 2016')
('desfire-8032708a4e7d04', 'Sat Apr  2 20:44:17 2016')
('desfire-8032708a4e7d04', 'Sat Apr  2 20:44:22 2016')
('desfire-8032708a4e7d04', 'Sat Apr  2 20:50:35 2016')
('desfire-8032708a4e7d04', 'Sat Apr  2 20:51:02 2016')
('desfire-8032708a4e7d04', 'Sat Apr  2 20:51:51 2016')
('desfire-8032708a4e7d04', 'Sat Apr  2 20:52:26 2016')
('desfire-8032708a4e7d04', 'Sun Apr  3 04:14:00 2016')
('desfire-8032708a4e7d04', 'Sun Apr  3 04:14:04 2016')
('desfire-8032708a4e7d04', 'Sun Apr  3 04:14:13 2016')
('desfire-8032708a4e7d04', 'Sun Apr  3 04:14:18 2016')
('desfire-8032708a4e7d04', 'Sun Apr  3 04:14:20 2016')
('desfire-8032708a4e7d04', 'Sun Apr  3 04:14:22 2016')
('desfire-8032708a4e7d04', 'Sun Apr  3 18:37:49 2016')
('desfire-8032708a4e7d04', 'Sun Apr  3 18:40:35 2016')
('desfire-8032708a4e7d04', 'Sun Apr  3 22:46:58 2016')
('desfire-8032708a4e7d04', 'Sun Apr  3 22:52:04 2016')
('desfire-8032708a4e7d04', 'Sun Apr  3 22:52:14 2016')
('desfire-8032708a4e7d04', 'Sun Apr  3 22:52:41 2016')
('desfire-8032708a4e7d04', 'Sun Apr  3 22:52:43 2016')
('desfire-8032708a4e7d04', 'Sun Apr  3 22:52:53 2016')
('desfire-8032708a4e7d04', 'Sun Apr  3 22:53:03 2016')
('desfire-8032708a4e7d04', 'Sun Apr  3 22:53:09 2016')
('desfire-8032708a4e7d04', 'Sun Apr  3 22:53:12 2016')
('desfire-8032708a4e7d04', 'Sun Apr  3 22:53:15 2016')
('desfire-8032708a4e7d04', 'Mon Apr  4 00:07:56 2016')
('desfire-8032708a4e7d04', 'Mon Apr  4 00:08:00 2016')
('desfire-8032708a4e7d04', 'Mon Apr  4 00:08:35 2016')
('desfire-8032708a4e7d04', 'Mon Apr  4 00:09:40 2016')
