("['ACS ACR1281 1S Dual Reader ICC 0', 'ACS ACR1281 1S Dual Reader PICC 0', 'ACS ACR1281 1S Dual Reader SAM 0', 'Aktiv Co. ruToken 0', 'Aktiv Co. ruToken 1', 'Aktiv Co. ruToken 2']", 'Tue Apr  5 15:19:45 2016')
('[]', 'Tue Apr  5 15:19:45 2016')
("['ACS ACR1281 1S Dual Reader ICC 0', 'ACS ACR1281 1S Dual Reader PICC 0', 'ACS ACR1281 1S Dual Reader SAM 0']", 'Tue Apr  5 15:19:45 2016')
('[]', 'Tue Apr  5 15:19:45 2016')
("['ACS ACR1281 1S Dual Reader ICC 0', 'ACS ACR1281 1S Dual Reader PICC 0', 'ACS ACR1281 1S Dual Reader SAM 0']", 'Tue Apr  5 15:19:45 2016')
("['ACS ACR1281 1S Dual Reader ICC 0', 'ACS ACR1281 1S Dual Reader PICC 0', 'ACS ACR1281 1S Dual Reader SAM 0', 'Aktiv Co. ruToken 0', 'Aktiv Co. ruToken 1', 'Aktiv Co. ruToken 2']", 'Tue Apr  5 15:22:14 2016')
('[]', 'Tue Apr  5 15:22:14 2016')
('[]', 'Tue Apr  5 15:22:14 2016')
("['ACS ACR1281 1S Dual Reader ICC 0', 'ACS ACR1281 1S Dual Reader PICC 0', 'ACS ACR1281 1S Dual Reader SAM 0']", 'Tue Apr  5 15:22:14 2016')
("['ACS ACR1281 1S Dual Reader ICC 0', 'ACS ACR1281 1S Dual Reader PICC 0', 'ACS ACR1281 1S Dual Reader SAM 0']", 'Tue Apr  5 15:22:14 2016')
('[]', 'Tue Apr  5 15:22:14 2016')
('[]', 'Tue Apr  5 15:22:14 2016')
("['ACS ACR1281 1S Dual Reader ICC 0', 'ACS ACR1281 1S Dual Reader PICC 0', 'ACS ACR1281 1S Dual Reader SAM 0']", 'Tue Apr  5 15:22:14 2016')
("['ACS ACR1281 1S Dual Reader ICC 0', 'ACS ACR1281 1S Dual Reader PICC 0', 'ACS ACR1281 1S Dual Reader SAM 0']", 'Tue Apr  5 15:22:14 2016')
('[]', 'Tue Apr  5 15:22:14 2016')
("['ACS ACR1281 1S Dual Reader ICC 0', 'ACS ACR1281 1S Dual Reader PICC 0', 'ACS ACR1281 1S Dual Reader SAM 0', 'Aktiv Co. ruToken 0', 'Aktiv Co. ruToken 1', 'Aktiv Co. ruToken 2']", 'Tue Apr  5 15:23:23 2016')
('REMOVED = []', 'Tue Apr  5 15:23:23 2016')
('[]', 'Tue Apr  5 15:23:23 2016')
("REMOVED = ['ACS ACR1281 1S Dual Reader ICC 0', 'ACS ACR1281 1S Dual Reader PICC 0', 'ACS ACR1281 1S Dual Reader SAM 0']", 'Tue Apr  5 15:23:23 2016')
("['ACS ACR1281 1S Dual Reader ICC 0', 'ACS ACR1281 1S Dual Reader PICC 0', 'ACS ACR1281 1S Dual Reader SAM 0']", 'Tue Apr  5 15:23:23 2016')
('REMOVED = []', 'Tue Apr  5 15:23:23 2016')
("ADDED = ['ACS ACR1281 1S Dual Reader ICC 0', 'ACS ACR1281 1S Dual Reader PICC 0', 'ACS ACR1281 1S Dual Reader SAM 0', 'Aktiv Co. ruToken 0', 'Aktiv Co. ruToken 1', 'Aktiv Co. ruToken 2']", 'Tue Apr  5 15:24:06 2016')
('REMOVED = []', 'Tue Apr  5 15:24:06 2016')
('ADDED = []', 'Tue Apr  5 15:24:06 2016')
("REMOVED = ['ACS ACR1281 1S Dual Reader ICC 0', 'ACS ACR1281 1S Dual Reader PICC 0', 'ACS ACR1281 1S Dual Reader SAM 0']", 'Tue Apr  5 15:24:06 2016')
("ADDED = ['ACS ACR1281 1S Dual Reader ICC 0', 'ACS ACR1281 1S Dual Reader PICC 0', 'ACS ACR1281 1S Dual Reader SAM 0']", 'Tue Apr  5 15:24:06 2016')
('REMOVED = []', 'Tue Apr  5 15:24:06 2016')
("ADDED = ['ACS ACR1281 1S Dual Reader ICC 0', 'ACS ACR1281 1S Dual Reader PICC 0', 'ACS ACR1281 1S Dual Reader SAM 0', 'Aktiv Co. ruToken 0', 'Aktiv Co. ruToken 1', 'Aktiv Co. ruToken 2']", 'Tue Apr  5 15:27:07 2016')
('REMOVED = []', 'Tue Apr  5 15:27:07 2016')
('ADDED = []', 'Tue Apr  5 15:27:07 2016')
("REMOVED = ['ACS ACR1281 1S Dual Reader ICC 0', 'ACS ACR1281 1S Dual Reader PICC 0', 'ACS ACR1281 1S Dual Reader SAM 0']", 'Tue Apr  5 15:27:07 2016')
("ADDED = ['ACS ACR1281 1S Dual Reader ICC 0', 'ACS ACR1281 1S Dual Reader PICC 0', 'ACS ACR1281 1S Dual Reader SAM 0']", 'Tue Apr  5 15:27:07 2016')
('REMOVED = []', 'Tue Apr  5 15:27:07 2016')
("ADDED = ['ACS ACR1281 1S Dual Reader ICC 0', 'ACS ACR1281 1S Dual Reader PICC 0', 'ACS ACR1281 1S Dual Reader SAM 0', 'Aktiv Co. ruToken 0', 'Aktiv Co. ruToken 1', 'Aktiv Co. ruToken 2']", 'Tue Apr  5 15:27:48 2016')
('REMOVED = []', 'Tue Apr  5 15:27:48 2016')
("ADDED = ['ACS ACR1281 1S Dual Reader ICC 0', 'ACS ACR1281 1S Dual Reader PICC 0', 'ACS ACR1281 1S Dual Reader SAM 0', 'Aktiv Co. ruToken 0', 'Aktiv Co. ruToken 1', 'Aktiv Co. ruToken 2']", 'Tue Apr  5 15:28:00 2016')
('REMOVED = []', 'Tue Apr  5 15:28:00 2016')
("ADDED = ['ACS ACR1281 1S Dual Reader ICC 0', 'ACS ACR1281 1S Dual Reader PICC 0', 'ACS ACR1281 1S Dual Reader SAM 0', 'Aktiv Co. ruToken 0', 'Aktiv Co. ruToken 1', 'Aktiv Co. ruToken 2']", 'Tue Apr  5 15:28:57 2016')
('REMOVED = []', 'Tue Apr  5 15:28:57 2016')
("ADDED = ['ACS ACR1281 1S Dual Reader ICC 0', 'ACS ACR1281 1S Dual Reader PICC 0', 'ACS ACR1281 1S Dual Reader SAM 0', 'Aktiv Co. ruToken 0', 'Aktiv Co. ruToken 1', 'Aktiv Co. ruToken 2']", 'Tue Apr  5 15:29:12 2016')
('REMOVED = []', 'Tue Apr  5 15:29:12 2016')
("ADDED = ['ACS ACR1281 1S Dual Reader ICC 0', 'ACS ACR1281 1S Dual Reader PICC 0', 'ACS ACR1281 1S Dual Reader SAM 0', 'Aktiv Co. ruToken 0', 'Aktiv Co. ruToken 1', 'Aktiv Co. ruToken 2']", 'Tue Apr  5 15:29:48 2016')
('REMOVED = []', 'Tue Apr  5 15:29:48 2016')
("ADDED = ['ACS ACR1281 1S Dual Reader ICC 0', 'ACS ACR1281 1S Dual Reader PICC 0', 'ACS ACR1281 1S Dual Reader SAM 0', 'Aktiv Co. ruToken 0', 'Aktiv Co. ruToken 1', 'Aktiv Co. ruToken 2']", 'Tue Apr  5 15:29:50 2016')
('REMOVED = []', 'Tue Apr  5 15:29:50 2016')
("ADDED = ['ACS ACR1281 1S Dual Reader ICC 0', 'ACS ACR1281 1S Dual Reader PICC 0', 'ACS ACR1281 1S Dual Reader SAM 0', 'Aktiv Co. ruToken 0', 'Aktiv Co. ruToken 1', 'Aktiv Co. ruToken 2']", 'Tue Apr  5 15:29:51 2016')
('REMOVED = []', 'Tue Apr  5 15:29:51 2016')
("ADDED = ['ACS ACR1281 1S Dual Reader ICC 0', 'ACS ACR1281 1S Dual Reader PICC 0', 'ACS ACR1281 1S Dual Reader SAM 0', 'Aktiv Co. ruToken 0', 'Aktiv Co. ruToken 1', 'Aktiv Co. ruToken 2']", 'Tue Apr  5 15:29:52 2016')
('REMOVED = []', 'Tue Apr  5 15:29:52 2016')
("ADDED = ['ACS ACR1281 1S Dual Reader ICC 0', 'ACS ACR1281 1S Dual Reader PICC 0', 'ACS ACR1281 1S Dual Reader SAM 0', 'Aktiv Co. ruToken 0', 'Aktiv Co. ruToken 1', 'Aktiv Co. ruToken 2']", 'Tue Apr  5 15:29:53 2016')
('REMOVED = []', 'Tue Apr  5 15:29:53 2016')
("ADDED = ['ACS ACR1281 1S Dual Reader ICC 0', 'ACS ACR1281 1S Dual Reader PICC 0', 'ACS ACR1281 1S Dual Reader SAM 0', 'Aktiv Co. ruToken 0', 'Aktiv Co. ruToken 1', 'Aktiv Co. ruToken 2']", 'Tue Apr  5 15:29:54 2016')
('REMOVED = []', 'Tue Apr  5 15:29:54 2016')
("ADDED = ['ACS ACR1281 1S Dual Reader ICC 0', 'ACS ACR1281 1S Dual Reader PICC 0', 'ACS ACR1281 1S Dual Reader SAM 0', 'Aktiv Co. ruToken 0', 'Aktiv Co. ruToken 1', 'Aktiv Co. ruToken 2']", 'Tue Apr  5 15:29:55 2016')
('REMOVED = []', 'Tue Apr  5 15:29:55 2016')
("ADDED = ['ACS ACR1281 1S Dual Reader ICC 0', 'ACS ACR1281 1S Dual Reader PICC 0', 'ACS ACR1281 1S Dual Reader SAM 0', 'Aktiv Co. ruToken 0', 'Aktiv Co. ruToken 1', 'Aktiv Co. ruToken 2']", 'Tue Apr  5 15:29:56 2016')
('REMOVED = []', 'Tue Apr  5 15:29:56 2016')
("ADDED = ['ACS ACR1281 1S Dual Reader ICC 0', 'ACS ACR1281 1S Dual Reader PICC 0', 'ACS ACR1281 1S Dual Reader SAM 0', 'Aktiv Co. ruToken 0', 'Aktiv Co. ruToken 1', 'Aktiv Co. ruToken 2']", 'Tue Apr  5 15:29:57 2016')
('REMOVED = []', 'Tue Apr  5 15:29:57 2016')
("ADDED = ['ACS ACR1281 1S Dual Reader ICC 0', 'ACS ACR1281 1S Dual Reader PICC 0', 'ACS ACR1281 1S Dual Reader SAM 0', 'Aktiv Co. ruToken 0', 'Aktiv Co. ruToken 1', 'Aktiv Co. ruToken 2']", 'Tue Apr  5 15:29:58 2016')
('REMOVED = []', 'Tue Apr  5 15:29:58 2016')
("ADDED = ['ACS ACR1281 1S Dual Reader ICC 0', 'ACS ACR1281 1S Dual Reader PICC 0', 'ACS ACR1281 1S Dual Reader SAM 0', 'Aktiv Co. ruToken 0', 'Aktiv Co. ruToken 1', 'Aktiv Co. ruToken 2']", 'Tue Apr  5 15:29:59 2016')
('REMOVED = []', 'Tue Apr  5 15:29:59 2016')
("ADDED = ['ACS ACR1281 1S Dual Reader ICC 0', 'ACS ACR1281 1S Dual Reader PICC 0', 'ACS ACR1281 1S Dual Reader SAM 0', 'Aktiv Co. ruToken 0', 'Aktiv Co. ruToken 1', 'Aktiv Co. ruToken 2']", 'Tue Apr  5 15:30:00 2016')
('REMOVED = []', 'Tue Apr  5 15:30:00 2016')
("ADDED = ['ACS ACR1281 1S Dual Reader ICC 0', 'ACS ACR1281 1S Dual Reader PICC 0', 'ACS ACR1281 1S Dual Reader SAM 0', 'Aktiv Co. ruToken 0', 'Aktiv Co. ruToken 1', 'Aktiv Co. ruToken 2']", 'Tue Apr  5 15:30:05 2016')
('REMOVED = []', 'Tue Apr  5 15:30:05 2016')
("ADDED = ['ACS ACR1281 1S Dual Reader ICC 0', 'ACS ACR1281 1S Dual Reader PICC 0', 'ACS ACR1281 1S Dual Reader SAM 0', 'Aktiv Co. ruToken 0', 'Aktiv Co. ruToken 1', 'Aktiv Co. ruToken 2']", 'Tue Apr  5 15:30:06 2016')
('REMOVED = []', 'Tue Apr  5 15:30:06 2016')
("ADDED = ['ACS ACR1281 1S Dual Reader ICC 0', 'ACS ACR1281 1S Dual Reader PICC 0', 'ACS ACR1281 1S Dual Reader SAM 0', 'Aktiv Co. ruToken 0', 'Aktiv Co. ruToken 1', 'Aktiv Co. ruToken 2']", 'Tue Apr  5 15:30:07 2016')
('REMOVED = []', 'Tue Apr  5 15:30:07 2016')
("ADDED = ['ACS ACR1281 1S Dual Reader ICC 0', 'ACS ACR1281 1S Dual Reader PICC 0', 'ACS ACR1281 1S Dual Reader SAM 0', 'Aktiv Co. ruToken 0', 'Aktiv Co. ruToken 1', 'Aktiv Co. ruToken 2']", 'Tue Apr  5 15:30:08 2016')
('REMOVED = []', 'Tue Apr  5 15:30:08 2016')
("ADDED = ['ACS ACR1281 1S Dual Reader ICC 0', 'ACS ACR1281 1S Dual Reader PICC 0', 'ACS ACR1281 1S Dual Reader SAM 0', 'Aktiv Co. ruToken 0', 'Aktiv Co. ruToken 1', 'Aktiv Co. ruToken 2']", 'Tue Apr  5 15:30:09 2016')
('REMOVED = []', 'Tue Apr  5 15:30:09 2016')
("ADDED = ['ACS ACR1281 1S Dual Reader ICC 0', 'ACS ACR1281 1S Dual Reader PICC 0', 'ACS ACR1281 1S Dual Reader SAM 0', 'Aktiv Co. ruToken 0', 'Aktiv Co. ruToken 1', 'Aktiv Co. ruToken 2']", 'Tue Apr  5 15:30:10 2016')
('REMOVED = []', 'Tue Apr  5 15:30:10 2016')
("ADDED = ['ACS ACR1281 1S Dual Reader ICC 0', 'ACS ACR1281 1S Dual Reader PICC 0', 'ACS ACR1281 1S Dual Reader SAM 0', 'Aktiv Co. ruToken 0', 'Aktiv Co. ruToken 1', 'Aktiv Co. ruToken 2']", 'Tue Apr  5 15:30:10 2016')
('REMOVED = []', 'Tue Apr  5 15:30:10 2016')
("ADDED = ['ACS ACR1281 1S Dual Reader ICC 0', 'ACS ACR1281 1S Dual Reader PICC 0', 'ACS ACR1281 1S Dual Reader SAM 0', 'Aktiv Co. ruToken 0', 'Aktiv Co. ruToken 1', 'Aktiv Co. ruToken 2']", 'Tue Apr  5 15:30:11 2016')
('REMOVED = []', 'Tue Apr  5 15:30:11 2016')
("ADDED = ['ACS ACR1281 1S Dual Reader ICC 0', 'ACS ACR1281 1S Dual Reader PICC 0', 'ACS ACR1281 1S Dual Reader SAM 0', 'Aktiv Co. ruToken 0', 'Aktiv Co. ruToken 1', 'Aktiv Co. ruToken 2']", 'Tue Apr  5 15:30:12 2016')
('REMOVED = []', 'Tue Apr  5 15:30:12 2016')
("ADDED = ['ACS ACR1281 1S Dual Reader ICC 0', 'ACS ACR1281 1S Dual Reader PICC 0', 'ACS ACR1281 1S Dual Reader SAM 0', 'Aktiv Co. ruToken 0', 'Aktiv Co. ruToken 1', 'Aktiv Co. ruToken 2']", 'Tue Apr  5 15:30:13 2016')
('REMOVED = []', 'Tue Apr  5 15:30:13 2016')
("ADDED = ['ACS ACR1281 1S Dual Reader ICC 0', 'ACS ACR1281 1S Dual Reader PICC 0', 'ACS ACR1281 1S Dual Reader SAM 0', 'Aktiv Co. ruToken 0', 'Aktiv Co. ruToken 1', 'Aktiv Co. ruToken 2']", 'Tue Apr  5 15:30:18 2016')
('REMOVED = []', 'Tue Apr  5 15:30:18 2016')
("ADDED = ['ACS ACR1281 1S Dual Reader ICC 0', 'ACS ACR1281 1S Dual Reader PICC 0', 'ACS ACR1281 1S Dual Reader SAM 0', 'Aktiv Co. ruToken 0', 'Aktiv Co. ruToken 1', 'Aktiv Co. ruToken 2']", 'Tue Apr  5 15:30:19 2016')
('REMOVED = []', 'Tue Apr  5 15:30:19 2016')
("ADDED = ['ACS ACR1281 1S Dual Reader ICC 0', 'ACS ACR1281 1S Dual Reader PICC 0', 'ACS ACR1281 1S Dual Reader SAM 0', 'Aktiv Co. ruToken 0', 'Aktiv Co. ruToken 1', 'Aktiv Co. ruToken 2']", 'Tue Apr  5 15:30:20 2016')
('REMOVED = []', 'Tue Apr  5 15:30:20 2016')
("ADDED = ['ACS ACR1281 1S Dual Reader ICC 0', 'ACS ACR1281 1S Dual Reader PICC 0', 'ACS ACR1281 1S Dual Reader SAM 0', 'Aktiv Co. ruToken 0', 'Aktiv Co. ruToken 1', 'Aktiv Co. ruToken 2']", 'Tue Apr  5 15:30:21 2016')
('REMOVED = []', 'Tue Apr  5 15:30:21 2016')
("ADDED = ['ACS ACR1281 1S Dual Reader ICC 0', 'ACS ACR1281 1S Dual Reader PICC 0', 'ACS ACR1281 1S Dual Reader SAM 0', 'Aktiv Co. ruToken 0', 'Aktiv Co. ruToken 1', 'Aktiv Co. ruToken 2']", 'Tue Apr  5 15:30:22 2016')
('REMOVED = []', 'Tue Apr  5 15:30:22 2016')
("ADDED = ['ACS ACR1281 1S Dual Reader ICC 0', 'ACS ACR1281 1S Dual Reader PICC 0', 'ACS ACR1281 1S Dual Reader SAM 0', 'Aktiv Co. ruToken 0', 'Aktiv Co. ruToken 1', 'Aktiv Co. ruToken 2']", 'Tue Apr  5 15:30:23 2016')
('REMOVED = []', 'Tue Apr  5 15:30:23 2016')
("ADDED = ['ACS ACR1281 1S Dual Reader ICC 0', 'ACS ACR1281 1S Dual Reader PICC 0', 'ACS ACR1281 1S Dual Reader SAM 0', 'Aktiv Co. ruToken 0', 'Aktiv Co. ruToken 1', 'Aktiv Co. ruToken 2']", 'Tue Apr  5 15:30:24 2016')
('REMOVED = []', 'Tue Apr  5 15:30:24 2016')
("ADDED = ['ACS ACR1281 1S Dual Reader ICC 0', 'ACS ACR1281 1S Dual Reader PICC 0', 'ACS ACR1281 1S Dual Reader SAM 0', 'Aktiv Co. ruToken 0', 'Aktiv Co. ruToken 1', 'Aktiv Co. ruToken 2']", 'Tue Apr  5 15:30:25 2016')
('REMOVED = []', 'Tue Apr  5 15:30:25 2016')
("ADDED = ['ACS ACR1281 1S Dual Reader ICC 0', 'ACS ACR1281 1S Dual Reader PICC 0', 'ACS ACR1281 1S Dual Reader SAM 0', 'Aktiv Co. ruToken 0', 'Aktiv Co. ruToken 1', 'Aktiv Co. ruToken 2']", 'Tue Apr  5 15:30:26 2016')
('REMOVED = []', 'Tue Apr  5 15:30:26 2016')
("ADDED = ['ACS ACR1281 1S Dual Reader ICC 0', 'ACS ACR1281 1S Dual Reader PICC 0', 'ACS ACR1281 1S Dual Reader SAM 0', 'Aktiv Co. ruToken 0', 'Aktiv Co. ruToken 1', 'Aktiv Co. ruToken 2']", 'Tue Apr  5 15:30:27 2016')
('REMOVED = []', 'Tue Apr  5 15:30:27 2016')
("ADDED = ['ACS ACR1281 1S Dual Reader ICC 0', 'ACS ACR1281 1S Dual Reader PICC 0', 'ACS ACR1281 1S Dual Reader SAM 0', 'Aktiv Co. ruToken 0', 'Aktiv Co. ruToken 1', 'Aktiv Co. ruToken 2']", 'Tue Apr  5 15:30:28 2016')
('REMOVED = []', 'Tue Apr  5 15:30:28 2016')
("ADDED = ['ACS ACR1281 1S Dual Reader ICC 0', 'ACS ACR1281 1S Dual Reader PICC 0', 'ACS ACR1281 1S Dual Reader SAM 0', 'Aktiv Co. ruToken 0', 'Aktiv Co. ruToken 1', 'Aktiv Co. ruToken 2']", 'Tue Apr  5 15:30:29 2016')
('REMOVED = []', 'Tue Apr  5 15:30:29 2016')
("ADDED = ['ACS ACR1281 1S Dual Reader ICC 0', 'ACS ACR1281 1S Dual Reader PICC 0', 'ACS ACR1281 1S Dual Reader SAM 0', 'Aktiv Co. ruToken 0', 'Aktiv Co. ruToken 1', 'Aktiv Co. ruToken 2']", 'Tue Apr  5 16:00:10 2016')
('REMOVED = []', 'Tue Apr  5 16:00:10 2016')
("ADDED = ['ACS ACR1281 1S Dual Reader ICC 0', 'ACS ACR1281 1S Dual Reader PICC 0', 'ACS ACR1281 1S Dual Reader SAM 0', 'Aktiv Co. ruToken 0', 'Aktiv Co. ruToken 1', 'Aktiv Co. ruToken 2']", 'Tue Apr  5 16:00:41 2016')
('REMOVED = []', 'Tue Apr  5 16:00:41 2016')
("ADDED = ['ACS ACR1281 1S Dual Reader ICC 0', 'ACS ACR1281 1S Dual Reader PICC 0', 'ACS ACR1281 1S Dual Reader SAM 0', 'Aktiv Co. ruToken 0', 'Aktiv Co. ruToken 1', 'Aktiv Co. ruToken 2']", 'Tue Apr  5 16:00:58 2016')
('REMOVED = []', 'Tue Apr  5 16:00:58 2016')
("ADDED = ['ACS ACR1281 1S Dual Reader ICC 0', 'ACS ACR1281 1S Dual Reader PICC 0', 'ACS ACR1281 1S Dual Reader SAM 0', 'Aktiv Co. ruToken 0', 'Aktiv Co. ruToken 1', 'Aktiv Co. ruToken 2']", 'Tue Apr  5 16:01:47 2016')
('REMOVED = []', 'Tue Apr  5 16:01:47 2016')
("ADDED = ['ACS ACR1281 1S Dual Reader ICC 0', 'ACS ACR1281 1S Dual Reader PICC 0', 'ACS ACR1281 1S Dual Reader SAM 0', 'Aktiv Co. ruToken 0', 'Aktiv Co. ruToken 1', 'Aktiv Co. ruToken 2']", 'Tue Apr  5 16:02:28 2016')
('REMOVED = []', 'Tue Apr  5 16:02:28 2016')
("ADDED = ['ACS ACR1281 1S Dual Reader ICC 0', 'ACS ACR1281 1S Dual Reader PICC 0', 'ACS ACR1281 1S Dual Reader SAM 0', 'Aktiv Co. ruToken 0', 'Aktiv Co. ruToken 1', 'Aktiv Co. ruToken 2']", 'Tue Apr  5 16:14:53 2016')
('REMOVED = []', 'Tue Apr  5 16:14:53 2016')
('ADDED = []', 'Tue Apr  5 16:14:53 2016')
("REMOVED = ['ACS ACR1281 1S Dual Reader ICC 0', 'ACS ACR1281 1S Dual Reader PICC 0', 'ACS ACR1281 1S Dual Reader SAM 0']", 'Tue Apr  5 16:14:53 2016')
("ADDED = ['ACS ACR1281 1S Dual Reader ICC 0', 'ACS ACR1281 1S Dual Reader PICC 0', 'ACS ACR1281 1S Dual Reader SAM 0']", 'Tue Apr  5 16:14:53 2016')
('REMOVED = []', 'Tue Apr  5 16:14:53 2016')
("ADDED = ['ACS ACR1281 1S Dual Reader ICC 0', 'ACS ACR1281 1S Dual Reader PICC 0', 'ACS ACR1281 1S Dual Reader SAM 0', 'Aktiv Co. ruToken 0', 'Aktiv Co. ruToken 1', 'Aktiv Co. ruToken 2']", 'Tue Apr  5 16:30:02 2016')
('REMOVED = []', 'Tue Apr  5 16:30:02 2016')
('ADDED = []', 'Tue Apr  5 16:30:02 2016')
("REMOVED = ['ACS ACR1281 1S Dual Reader ICC 0', 'ACS ACR1281 1S Dual Reader PICC 0', 'ACS ACR1281 1S Dual Reader SAM 0']", 'Tue Apr  5 16:30:02 2016')
("ADDED = ['ACS ACR1281 1S Dual Reader ICC 0', 'ACS ACR1281 1S Dual Reader PICC 0', 'ACS ACR1281 1S Dual Reader SAM 0', 'Aktiv Co. ruToken 0', 'Aktiv Co. ruToken 1', 'Aktiv Co. ruToken 2']", 'Tue Apr  5 16:31:27 2016')
('REMOVED = []', 'Tue Apr  5 16:31:27 2016')
('ADDED = []', 'Tue Apr  5 16:31:27 2016')
("REMOVED = ['ACS ACR1281 1S Dual Reader ICC 0', 'ACS ACR1281 1S Dual Reader PICC 0', 'ACS ACR1281 1S Dual Reader SAM 0']", 'Tue Apr  5 16:31:27 2016')
("ADDED = ['ACS ACR1281 1S Dual Reader ICC 0', 'ACS ACR1281 1S Dual Reader PICC 0', 'ACS ACR1281 1S Dual Reader SAM 0', 'Aktiv Co. ruToken 0', 'Aktiv Co. ruToken 1', 'Aktiv Co. ruToken 2']", 'Tue Apr  5 16:32:46 2016')
('REMOVED = []', 'Tue Apr  5 16:32:46 2016')
('ADDED = []', 'Tue Apr  5 16:32:46 2016')
("REMOVED = ['ACS ACR1281 1S Dual Reader ICC 0', 'ACS ACR1281 1S Dual Reader PICC 0', 'ACS ACR1281 1S Dual Reader SAM 0']", 'Tue Apr  5 16:32:46 2016')
("ADDED = ['ACS ACR1281 1S Dual Reader ICC 0', 'ACS ACR1281 1S Dual Reader PICC 0', 'ACS ACR1281 1S Dual Reader SAM 0', 'Aktiv Co. ruToken 0', 'Aktiv Co. ruToken 1', 'Aktiv Co. ruToken 2']", 'Tue Apr  5 16:34:09 2016')
('REMOVED = []', 'Tue Apr  5 16:34:09 2016')
('ADDED = []', 'Tue Apr  5 16:34:09 2016')
("REMOVED = ['ACS ACR1281 1S Dual Reader ICC 0', 'ACS ACR1281 1S Dual Reader PICC 0', 'ACS ACR1281 1S Dual Reader SAM 0']", 'Tue Apr  5 16:34:09 2016')
("ADDED = ['ACS ACR1281 1S Dual Reader ICC 0', 'ACS ACR1281 1S Dual Reader PICC 0', 'ACS ACR1281 1S Dual Reader SAM 0']", 'Tue Apr  5 16:34:09 2016')
('REMOVED = []', 'Tue Apr  5 16:34:09 2016')
("ADDED = ['ACS ACR1281 1S Dual Reader ICC 0', 'ACS ACR1281 1S Dual Reader PICC 0', 'ACS ACR1281 1S Dual Reader SAM 0', 'Aktiv Co. ruToken 0', 'Aktiv Co. ruToken 1', 'Aktiv Co. ruToken 2']", 'Tue Apr  5 16:36:24 2016')
('REMOVED = []', 'Tue Apr  5 16:36:24 2016')
('ADDED = []', 'Tue Apr  5 16:36:24 2016')
("REMOVED = ['ACS ACR1281 1S Dual Reader ICC 0', 'ACS ACR1281 1S Dual Reader PICC 0', 'ACS ACR1281 1S Dual Reader SAM 0']", 'Tue Apr  5 16:36:24 2016')
("ADDED = ['ACS ACR1281 1S Dual Reader ICC 0', 'ACS ACR1281 1S Dual Reader PICC 0', 'ACS ACR1281 1S Dual Reader SAM 0', 'Aktiv Co. ruToken 0', 'Aktiv Co. ruToken 1', 'Aktiv Co. ruToken 2']", 'Tue Apr  5 16:36:50 2016')
('REMOVED = []', 'Tue Apr  5 16:36:50 2016')
("ADDED = ['ACS ACR1281 1S Dual Reader ICC 0', 'ACS ACR1281 1S Dual Reader PICC 0', 'ACS ACR1281 1S Dual Reader SAM 0', 'Aktiv Co. ruToken 0', 'Aktiv Co. ruToken 1', 'Aktiv Co. ruToken 2']", 'Tue Apr  5 16:36:56 2016')
('REMOVED = []', 'Tue Apr  5 16:36:56 2016')
('ADDED = []', 'Tue Apr  5 16:36:56 2016')
("REMOVED = ['ACS ACR1281 1S Dual Reader ICC 0', 'ACS ACR1281 1S Dual Reader PICC 0', 'ACS ACR1281 1S Dual Reader SAM 0']", 'Tue Apr  5 16:36:56 2016')
("ADDED = ['ACS ACR1281 1S Dual Reader ICC 0', 'ACS ACR1281 1S Dual Reader PICC 0', 'ACS ACR1281 1S Dual Reader SAM 0', 'Aktiv Co. ruToken 0', 'Aktiv Co. ruToken 1', 'Aktiv Co. ruToken 2']", 'Tue Apr  5 16:37:14 2016')
('REMOVED = []', 'Tue Apr  5 16:37:14 2016')
("ADDED = ['ACS ACR1281 1S Dual Reader ICC 0', 'ACS ACR1281 1S Dual Reader PICC 0', 'ACS ACR1281 1S Dual Reader SAM 0', 'Aktiv Co. ruToken 0', 'Aktiv Co. ruToken 1', 'Aktiv Co. ruToken 2']", 'Tue Apr  5 16:39:15 2016')
('REMOVED = []', 'Tue Apr  5 16:39:15 2016')
('ADDED = []', 'Tue Apr  5 16:39:15 2016')
("REMOVED = ['ACS ACR1281 1S Dual Reader ICC 0', 'ACS ACR1281 1S Dual Reader PICC 0', 'ACS ACR1281 1S Dual Reader SAM 0']", 'Tue Apr  5 16:39:15 2016')
("ADDED = ['ACS ACR1281 1S Dual Reader ICC 0', 'ACS ACR1281 1S Dual Reader PICC 0', 'ACS ACR1281 1S Dual Reader SAM 0', 'Aktiv Co. ruToken 0', 'Aktiv Co. ruToken 1', 'Aktiv Co. ruToken 2']", 'Tue Apr  5 16:40:14 2016')
('REMOVED = []', 'Tue Apr  5 16:40:14 2016')
('ADDED = []', 'Tue Apr  5 16:40:14 2016')
("REMOVED = ['ACS ACR1281 1S Dual Reader ICC 0', 'ACS ACR1281 1S Dual Reader PICC 0', 'ACS ACR1281 1S Dual Reader SAM 0']", 'Tue Apr  5 16:40:14 2016')
("ADDED = ['ACS ACR1281 1S Dual Reader ICC 0', 'ACS ACR1281 1S Dual Reader PICC 0', 'ACS ACR1281 1S Dual Reader SAM 0', 'Aktiv Co. ruToken 0', 'Aktiv Co. ruToken 1', 'Aktiv Co. ruToken 2']", 'Tue Apr  5 16:41:31 2016')
('REMOVED = []', 'Tue Apr  5 16:41:31 2016')
("ADDED = ['ACS ACR1281 1S Dual Reader ICC 0', 'ACS ACR1281 1S Dual Reader PICC 0', 'ACS ACR1281 1S Dual Reader SAM 0', 'Aktiv Co. ruToken 0', 'Aktiv Co. ruToken 1', 'Aktiv Co. ruToken 2']", 'Tue Apr  5 16:41:47 2016')
('REMOVED = []', 'Tue Apr  5 16:41:47 2016')
('ADDED = []', 'Tue Apr  5 16:41:47 2016')
("REMOVED = ['ACS ACR1281 1S Dual Reader ICC 0', 'ACS ACR1281 1S Dual Reader PICC 0', 'ACS ACR1281 1S Dual Reader SAM 0']", 'Tue Apr  5 16:41:47 2016')
("ADDED = ['ACS ACR1281 1S Dual Reader ICC 0', 'ACS ACR1281 1S Dual Reader PICC 0', 'ACS ACR1281 1S Dual Reader SAM 0', 'Aktiv Co. ruToken 0', 'Aktiv Co. ruToken 1', 'Aktiv Co. ruToken 2']", 'Tue Apr  5 16:44:41 2016')
('REMOVED = []', 'Tue Apr  5 16:44:41 2016')
('ADDED = []', 'Tue Apr  5 16:44:41 2016')
("REMOVED = ['ACS ACR1281 1S Dual Reader ICC 0', 'ACS ACR1281 1S Dual Reader PICC 0', 'ACS ACR1281 1S Dual Reader SAM 0']", 'Tue Apr  5 16:44:41 2016')
("ADDED = ['ACS ACR1281 1S Dual Reader ICC 0', 'ACS ACR1281 1S Dual Reader PICC 0', 'ACS ACR1281 1S Dual Reader SAM 0', 'Aktiv Co. ruToken 0', 'Aktiv Co. ruToken 1', 'Aktiv Co. ruToken 2']", 'Tue Apr  5 16:45:09 2016')
('REMOVED = []', 'Tue Apr  5 16:45:09 2016')
('ADDED = []', 'Tue Apr  5 16:45:09 2016')
("REMOVED = ['ACS ACR1281 1S Dual Reader ICC 0', 'ACS ACR1281 1S Dual Reader PICC 0', 'ACS ACR1281 1S Dual Reader SAM 0']", 'Tue Apr  5 16:45:09 2016')
("ADDED = ['ACS ACR1281 1S Dual Reader ICC 0', 'ACS ACR1281 1S Dual Reader PICC 0', 'ACS ACR1281 1S Dual Reader SAM 0']", 'Tue Apr  5 16:45:09 2016')
('REMOVED = []', 'Tue Apr  5 16:45:09 2016')
('ADDED = []', 'Tue Apr  5 16:45:09 2016')
("REMOVED = ['ACS ACR1281 1S Dual Reader ICC 0', 'ACS ACR1281 1S Dual Reader PICC 0', 'ACS ACR1281 1S Dual Reader SAM 0']", 'Tue Apr  5 16:45:09 2016')
("ADDED = ['ACS ACR1281 1S Dual Reader ICC 0', 'ACS ACR1281 1S Dual Reader PICC 0', 'ACS ACR1281 1S Dual Reader SAM 0']", 'Tue Apr  5 16:45:09 2016')
('REMOVED = []', 'Tue Apr  5 16:45:09 2016')
("ADDED = ['ACS ACR1281 1S Dual Reader ICC 0', 'ACS ACR1281 1S Dual Reader PICC 0', 'ACS ACR1281 1S Dual Reader SAM 0', 'Aktiv Co. ruToken 0', 'Aktiv Co. ruToken 1', 'Aktiv Co. ruToken 2']", 'Tue Apr  5 16:47:01 2016')
('REMOVED = []', 'Tue Apr  5 16:47:01 2016')
("ADDED = ['ACS ACR1281 1S Dual Reader ICC 0', 'ACS ACR1281 1S Dual Reader PICC 0', 'ACS ACR1281 1S Dual Reader SAM 0', 'Aktiv Co. ruToken 0', 'Aktiv Co. ruToken 1', 'Aktiv Co. ruToken 2']", 'Tue Apr  5 16:47:08 2016')
('REMOVED = []', 'Tue Apr  5 16:47:08 2016')
('ADDED = []', 'Tue Apr  5 16:47:08 2016')
("REMOVED = ['ACS ACR1281 1S Dual Reader ICC 0', 'ACS ACR1281 1S Dual Reader PICC 0', 'ACS ACR1281 1S Dual Reader SAM 0']", 'Tue Apr  5 16:47:08 2016')
("ADDED = ['ACS ACR1281 1S Dual Reader ICC 0', 'ACS ACR1281 1S Dual Reader PICC 0', 'ACS ACR1281 1S Dual Reader SAM 0']", 'Tue Apr  5 16:47:08 2016')
('REMOVED = []', 'Tue Apr  5 16:47:08 2016')
('ADDED = []', 'Tue Apr  5 16:47:08 2016')
("REMOVED = ['ACS ACR1281 1S Dual Reader ICC 0', 'ACS ACR1281 1S Dual Reader PICC 0', 'ACS ACR1281 1S Dual Reader SAM 0']", 'Tue Apr  5 16:47:08 2016')
("ADDED = ['Aktiv Co. ruToken 0', 'Aktiv Co. ruToken 1', 'Aktiv Co. ruToken 2']", 'Tue Apr  5 16:49:11 2016')
('REMOVED = []', 'Tue Apr  5 16:49:11 2016')
("ADDED = ['ACS ACR1281 1S Dual Reader ICC 0', 'ACS ACR1281 1S Dual Reader PICC 0', 'ACS ACR1281 1S Dual Reader SAM 0']", 'Tue Apr  5 16:49:11 2016')
('REMOVED = []', 'Tue Apr  5 16:49:11 2016')
('ADDED = []', 'Tue Apr  5 16:49:11 2016')
("REMOVED = ['ACS ACR1281 1S Dual Reader ICC 0', 'ACS ACR1281 1S Dual Reader PICC 0', 'ACS ACR1281 1S Dual Reader SAM 0']", 'Tue Apr  5 16:49:11 2016')
("ADDED = ['ACS ACR1281 1S Dual Reader ICC 0', 'ACS ACR1281 1S Dual Reader PICC 0', 'ACS ACR1281 1S Dual Reader SAM 0', 'Aktiv Co. ruToken 0', 'Aktiv Co. ruToken 1', 'Aktiv Co. ruToken 2']", 'Tue Apr  5 16:49:49 2016')
('REMOVED = []', 'Tue Apr  5 16:49:49 2016')
('ADDED = []', 'Tue Apr  5 16:49:49 2016')
("REMOVED = ['ACS ACR1281 1S Dual Reader ICC 0', 'ACS ACR1281 1S Dual Reader PICC 0', 'ACS ACR1281 1S Dual Reader SAM 0']", 'Tue Apr  5 16:49:49 2016')
("ADDED = ['ACS ACR1281 1S Dual Reader ICC 0', 'ACS ACR1281 1S Dual Reader PICC 0', 'ACS ACR1281 1S Dual Reader SAM 0', 'Aktiv Co. ruToken 0', 'Aktiv Co. ruToken 1', 'Aktiv Co. ruToken 2']", 'Tue Apr  5 16:50:46 2016')
('REMOVED = []', 'Tue Apr  5 16:50:46 2016')
('ADDED = []', 'Tue Apr  5 16:50:46 2016')
("REMOVED = ['ACS ACR1281 1S Dual Reader ICC 0', 'ACS ACR1281 1S Dual Reader PICC 0', 'ACS ACR1281 1S Dual Reader SAM 0']", 'Tue Apr  5 16:50:46 2016')
("ADDED = ['ACS ACR1281 1S Dual Reader ICC 0', 'ACS ACR1281 1S Dual Reader PICC 0', 'ACS ACR1281 1S Dual Reader SAM 0', 'Aktiv Co. ruToken 0', 'Aktiv Co. ruToken 1', 'Aktiv Co. ruToken 2']", 'Tue Apr  5 16:51:16 2016')
('REMOVED = []', 'Tue Apr  5 16:51:16 2016')
('ADDED = []', 'Tue Apr  5 16:51:16 2016')
("REMOVED = ['ACS ACR1281 1S Dual Reader ICC 0', 'ACS ACR1281 1S Dual Reader PICC 0', 'ACS ACR1281 1S Dual Reader SAM 0']", 'Tue Apr  5 16:51:16 2016')
("ADDED = ['ACS ACR1281 1S Dual Reader ICC 0', 'ACS ACR1281 1S Dual Reader PICC 0', 'ACS ACR1281 1S Dual Reader SAM 0', 'Aktiv Co. ruToken 0', 'Aktiv Co. ruToken 1', 'Aktiv Co. ruToken 2']", 'Wed Apr  6 01:42:26 2016')
('REMOVED = []', 'Wed Apr  6 01:42:26 2016')
('ADDED = []', 'Wed Apr  6 01:42:26 2016')
("REMOVED = ['ACS ACR1281 1S Dual Reader ICC 0', 'ACS ACR1281 1S Dual Reader PICC 0', 'ACS ACR1281 1S Dual Reader SAM 0']", 'Wed Apr  6 01:42:26 2016')
("ADDED = ['Aktiv Co. ruToken 0', 'Aktiv Co. ruToken 1', 'Aktiv Co. ruToken 2']", 'Wed Apr  6 02:35:18 2016')
('REMOVED = []', 'Wed Apr  6 02:35:18 2016')
("ADDED = ['Aktiv Co. ruToken 0', 'Aktiv Co. ruToken 1', 'Aktiv Co. ruToken 2']", 'Wed Apr  6 21:47:33 2016')
('REMOVED = []', 'Wed Apr  6 21:47:33 2016')
("ADDED = ['ACS ACR1281 1S Dual Reader ICC 0', 'ACS ACR1281 1S Dual Reader PICC 0', 'ACS ACR1281 1S Dual Reader SAM 0']", 'Wed Apr  6 21:47:33 2016')
('REMOVED = []', 'Wed Apr  6 21:47:33 2016')
("ADDED = ['ACS ACR1281 1S Dual Reader ICC 0', 'ACS ACR1281 1S Dual Reader PICC 0', 'ACS ACR1281 1S Dual Reader SAM 0', 'Aktiv Co. ruToken 0', 'Aktiv Co. ruToken 1', 'Aktiv Co. ruToken 2']", 'Wed Apr  6 21:47:48 2016')
('REMOVED = []', 'Wed Apr  6 21:47:48 2016')
('ADDED = []', 'Wed Apr  6 21:47:48 2016')
("REMOVED = ['ACS ACR1281 1S Dual Reader ICC 0', 'ACS ACR1281 1S Dual Reader PICC 0', 'ACS ACR1281 1S Dual Reader SAM 0']", 'Wed Apr  6 21:47:48 2016')
("ADDED = ['ACS ACR1281 1S Dual Reader ICC 0', 'ACS ACR1281 1S Dual Reader PICC 0', 'ACS ACR1281 1S Dual Reader SAM 0', 'Aktiv Co. ruToken 0', 'Aktiv Co. ruToken 1', 'Aktiv Co. ruToken 2']", 'Wed Apr  6 21:49:06 2016')
('REMOVED = []', 'Wed Apr  6 21:49:06 2016')
('ADDED = []', 'Wed Apr  6 21:49:06 2016')
("REMOVED = ['ACS ACR1281 1S Dual Reader ICC 0', 'ACS ACR1281 1S Dual Reader PICC 0', 'ACS ACR1281 1S Dual Reader SAM 0']", 'Wed Apr  6 21:49:06 2016')
("ADDED = ['ACS ACR1281 1S Dual Reader ICC 0', 'ACS ACR1281 1S Dual Reader PICC 0', 'ACS ACR1281 1S Dual Reader SAM 0', 'Aktiv Co. ruToken 0', 'Aktiv Co. ruToken 1', 'Aktiv Co. ruToken 2']", 'Wed Apr  6 21:52:52 2016')
('REMOVED = []', 'Wed Apr  6 21:52:52 2016')
('ADDED = []', 'Wed Apr  6 21:52:52 2016')
("REMOVED = ['ACS ACR1281 1S Dual Reader ICC 0', 'ACS ACR1281 1S Dual Reader PICC 0', 'ACS ACR1281 1S Dual Reader SAM 0']", 'Wed Apr  6 21:52:52 2016')
("ADDED = ['ACS ACR1281 1S Dual Reader ICC 0', 'ACS ACR1281 1S Dual Reader PICC 0', 'ACS ACR1281 1S Dual Reader SAM 0']", 'Wed Apr  6 21:52:52 2016')
('REMOVED = []', 'Wed Apr  6 21:52:52 2016')
("ADDED = ['ACS ACR1281 1S Dual Reader ICC 0', 'ACS ACR1281 1S Dual Reader PICC 0', 'ACS ACR1281 1S Dual Reader SAM 0', 'Aktiv Co. ruToken 0', 'Aktiv Co. ruToken 1', 'Aktiv Co. ruToken 2']", 'Wed Apr  6 21:56:34 2016')
('REMOVED = []', 'Wed Apr  6 21:56:34 2016')
('ADDED = []', 'Wed Apr  6 21:56:34 2016')
("REMOVED = ['ACS ACR1281 1S Dual Reader ICC 0', 'ACS ACR1281 1S Dual Reader PICC 0', 'ACS ACR1281 1S Dual Reader SAM 0']", 'Wed Apr  6 21:56:34 2016')
("ADDED = ['ACS ACR1281 1S Dual Reader ICC 0', 'ACS ACR1281 1S Dual Reader PICC 0', 'ACS ACR1281 1S Dual Reader SAM 0']", 'Wed Apr  6 21:56:34 2016')
('REMOVED = []', 'Wed Apr  6 21:56:34 2016')
('ADDED = []', 'Wed Apr  6 21:56:34 2016')
("REMOVED = ['ACS ACR1281 1S Dual Reader ICC 0', 'ACS ACR1281 1S Dual Reader PICC 0', 'ACS ACR1281 1S Dual Reader SAM 0']", 'Wed Apr  6 21:56:34 2016')
("ADDED = ['ACS ACR1281 1S Dual Reader ICC 0', 'ACS ACR1281 1S Dual Reader PICC 0', 'ACS ACR1281 1S Dual Reader SAM 0']", 'Wed Apr  6 21:56:34 2016')
('REMOVED = []', 'Wed Apr  6 21:56:34 2016')
("ADDED = ['ACS ACR1281 1S Dual Reader ICC 0', 'ACS ACR1281 1S Dual Reader PICC 0', 'ACS ACR1281 1S Dual Reader SAM 0', 'Aktiv Co. ruToken 0', 'Aktiv Co. ruToken 1', 'Aktiv Co. ruToken 2']", 'Wed Apr  6 21:58:18 2016')
('REMOVED = []', 'Wed Apr  6 21:58:18 2016')
('ADDED = []', 'Wed Apr  6 21:58:18 2016')
("REMOVED = ['ACS ACR1281 1S Dual Reader ICC 0', 'ACS ACR1281 1S Dual Reader PICC 0', 'ACS ACR1281 1S Dual Reader SAM 0']", 'Wed Apr  6 21:58:18 2016')
("ADDED = ['ACS ACR1281 1S Dual Reader ICC 0', 'ACS ACR1281 1S Dual Reader PICC 0', 'ACS ACR1281 1S Dual Reader SAM 0', 'Aktiv Co. ruToken 0', 'Aktiv Co. ruToken 1', 'Aktiv Co. ruToken 2']", 'Wed Apr  6 21:59:09 2016')
('REMOVED = []', 'Wed Apr  6 21:59:09 2016')
('ADDED = []', 'Wed Apr  6 21:59:09 2016')
("REMOVED = ['ACS ACR1281 1S Dual Reader ICC 0', 'ACS ACR1281 1S Dual Reader PICC 0', 'ACS ACR1281 1S Dual Reader SAM 0']", 'Wed Apr  6 21:59:09 2016')
("ADDED = ['Aktiv Co. ruToken 0', 'Aktiv Co. ruToken 1', 'Aktiv Co. ruToken 2']", 'Wed Apr  6 22:00:01 2016')
('REMOVED = []', 'Wed Apr  6 22:00:01 2016')
("ADDED = ['Aktiv Co. ruToken 0', 'Aktiv Co. ruToken 1', 'Aktiv Co. ruToken 2']", 'Wed Apr  6 22:00:27 2016')
('REMOVED = []', 'Wed Apr  6 22:00:27 2016')
("ADDED = ['Aktiv Co. ruToken 0', 'Aktiv Co. ruToken 1', 'Aktiv Co. ruToken 2']", 'Wed Apr  6 22:00:52 2016')
('REMOVED = []', 'Wed Apr  6 22:00:52 2016')
("ADDED = ['Aktiv Co. ruToken 0', 'Aktiv Co. ruToken 1', 'Aktiv Co. ruToken 2']", 'Wed Apr  6 22:01:14 2016')
('REMOVED = []', 'Wed Apr  6 22:01:14 2016')
("ADDED = ['Aktiv Co. ruToken 0', 'Aktiv Co. ruToken 1', 'Aktiv Co. ruToken 2']", 'Wed Apr  6 22:03:04 2016')
('REMOVED = []', 'Wed Apr  6 22:03:04 2016')
("ADDED = ['ACS ACR1281 1S Dual Reader ICC 0', 'ACS ACR1281 1S Dual Reader PICC 0', 'ACS ACR1281 1S Dual Reader SAM 0']", 'Wed Apr  6 22:03:04 2016')
('REMOVED = []', 'Wed Apr  6 22:03:04 2016')
('ADDED = []', 'Wed Apr  6 22:03:04 2016')
("REMOVED = ['ACS ACR1281 1S Dual Reader ICC 0', 'ACS ACR1281 1S Dual Reader PICC 0', 'ACS ACR1281 1S Dual Reader SAM 0']", 'Wed Apr  6 22:03:04 2016')
("ADDED = ['Aktiv Co. ruToken 0', 'Aktiv Co. ruToken 1', 'Aktiv Co. ruToken 2']", 'Wed Apr  6 22:03:48 2016')
('REMOVED = []', 'Wed Apr  6 22:03:48 2016')
("ADDED = ['ACS ACR1281 1S Dual Reader ICC 0', 'ACS ACR1281 1S Dual Reader PICC 0', 'ACS ACR1281 1S Dual Reader SAM 0']", 'Wed Apr  6 22:03:48 2016')
('REMOVED = []', 'Wed Apr  6 22:03:48 2016')
('ADDED = []', 'Wed Apr  6 22:03:48 2016')
("REMOVED = ['ACS ACR1281 1S Dual Reader ICC 0', 'ACS ACR1281 1S Dual Reader PICC 0', 'ACS ACR1281 1S Dual Reader SAM 0']", 'Wed Apr  6 22:03:48 2016')
("ADDED = ['ACS ACR1281 1S Dual Reader ICC 0', 'ACS ACR1281 1S Dual Reader PICC 0', 'ACS ACR1281 1S Dual Reader SAM 0', 'Aktiv Co. ruToken 0', 'Aktiv Co. ruToken 1', 'Aktiv Co. ruToken 2']", 'Wed Apr  6 22:10:08 2016')
('REMOVED = []', 'Wed Apr  6 22:10:08 2016')
('ADDED = []', 'Wed Apr  6 22:10:08 2016')
("REMOVED = ['ACS ACR1281 1S Dual Reader ICC 0', 'ACS ACR1281 1S Dual Reader PICC 0', 'ACS ACR1281 1S Dual Reader SAM 0']", 'Wed Apr  6 22:10:08 2016')
("ADDED = ['ACS ACR1281 1S Dual Reader ICC 0', 'ACS ACR1281 1S Dual Reader PICC 0', 'ACS ACR1281 1S Dual Reader SAM 0', 'Aktiv Co. ruToken 0', 'Aktiv Co. ruToken 1', 'Aktiv Co. ruToken 2']", 'Wed Apr  6 22:12:52 2016')
('REMOVED = []', 'Wed Apr  6 22:12:52 2016')
('ADDED = []', 'Wed Apr  6 22:12:52 2016')
("REMOVED = ['ACS ACR1281 1S Dual Reader ICC 0', 'ACS ACR1281 1S Dual Reader PICC 0', 'ACS ACR1281 1S Dual Reader SAM 0']", 'Wed Apr  6 22:12:52 2016')
("ADDED = ['Aktiv Co. ruToken 0', 'Aktiv Co. ruToken 1', 'Aktiv Co. ruToken 2']", 'Thu Apr  7 14:17:15 2016')
('REMOVED = []', 'Thu Apr  7 14:17:15 2016')
("ADDED = ['ACS ACR1281 1S Dual Reader ICC 0', 'ACS ACR1281 1S Dual Reader PICC 0', 'ACS ACR1281 1S Dual Reader SAM 0']", 'Thu Apr  7 14:17:15 2016')
('REMOVED = []', 'Thu Apr  7 14:17:15 2016')
('ADDED = []', 'Thu Apr  7 14:17:15 2016')
("REMOVED = ['ACS ACR1281 1S Dual Reader ICC 0', 'ACS ACR1281 1S Dual Reader PICC 0', 'ACS ACR1281 1S Dual Reader SAM 0']", 'Thu Apr  7 14:17:15 2016')
("ADDED = ['ACS ACR1281 1S Dual Reader ICC 0', 'ACS ACR1281 1S Dual Reader PICC 0', 'ACS ACR1281 1S Dual Reader SAM 0']", 'Thu Apr  7 14:17:15 2016')
('REMOVED = []', 'Thu Apr  7 14:17:15 2016')
("ADDED = ['ACS ACR1281 1S Dual Reader ICC 0', 'ACS ACR1281 1S Dual Reader PICC 0', 'ACS ACR1281 1S Dual Reader SAM 0', 'Aktiv Co. ruToken 0', 'Aktiv Co. ruToken 1', 'Aktiv Co. ruToken 2']", 'Thu Apr  7 14:19:15 2016')
('REMOVED = []', 'Thu Apr  7 14:19:15 2016')
('ADDED = []', 'Thu Apr  7 14:19:15 2016')
("REMOVED = ['ACS ACR1281 1S Dual Reader ICC 0', 'ACS ACR1281 1S Dual Reader PICC 0', 'ACS ACR1281 1S Dual Reader SAM 0']", 'Thu Apr  7 14:19:15 2016')
("ADDED = ['ACS ACR1281 1S Dual Reader ICC 0', 'ACS ACR1281 1S Dual Reader PICC 0', 'ACS ACR1281 1S Dual Reader SAM 0']", 'Thu Apr  7 14:19:15 2016')
('REMOVED = []', 'Thu Apr  7 14:19:15 2016')
("ADDED = ['ACS ACR1281 1S Dual Reader ICC 0', 'ACS ACR1281 1S Dual Reader PICC 0', 'ACS ACR1281 1S Dual Reader SAM 0', 'Aktiv Co. ruToken 0', 'Aktiv Co. ruToken 1', 'Aktiv Co. ruToken 2']", 'Thu Apr  7 14:20:42 2016')
('REMOVED = []', 'Thu Apr  7 14:20:42 2016')
('ADDED = []', 'Thu Apr  7 14:20:42 2016')
("REMOVED = ['ACS ACR1281 1S Dual Reader ICC 0', 'ACS ACR1281 1S Dual Reader PICC 0', 'ACS ACR1281 1S Dual Reader SAM 0']", 'Thu Apr  7 14:20:42 2016')
("ADDED = ['ACS ACR1281 1S Dual Reader ICC 0', 'ACS ACR1281 1S Dual Reader PICC 0', 'ACS ACR1281 1S Dual Reader SAM 0', 'Aktiv Co. ruToken 0', 'Aktiv Co. ruToken 1', 'Aktiv Co. ruToken 2']", 'Thu Apr  7 14:27:57 2016')
('REMOVED = []', 'Thu Apr  7 14:27:57 2016')
('ADDED = []', 'Thu Apr  7 14:27:57 2016')
("REMOVED = ['ACS ACR1281 1S Dual Reader ICC 0', 'ACS ACR1281 1S Dual Reader PICC 0', 'ACS ACR1281 1S Dual Reader SAM 0']", 'Thu Apr  7 14:27:57 2016')
("ADDED = ['ACS ACR1281 1S Dual Reader ICC 0', 'ACS ACR1281 1S Dual Reader PICC 0', 'ACS ACR1281 1S Dual Reader SAM 0', 'Aktiv Co. ruToken 0', 'Aktiv Co. ruToken 1', 'Aktiv Co. ruToken 2']", 'Thu Apr  7 14:28:56 2016')
('REMOVED = []', 'Thu Apr  7 14:28:56 2016')
('ADDED = []', 'Thu Apr  7 14:28:56 2016')
("REMOVED = ['ACS ACR1281 1S Dual Reader ICC 0', 'ACS ACR1281 1S Dual Reader PICC 0', 'ACS ACR1281 1S Dual Reader SAM 0']", 'Thu Apr  7 14:28:56 2016')
("ADDED = ['ACS ACR1281 1S Dual Reader ICC 0', 'ACS ACR1281 1S Dual Reader PICC 0', 'ACS ACR1281 1S Dual Reader SAM 0', 'Aktiv Co. ruToken 0', 'Aktiv Co. ruToken 1', 'Aktiv Co. ruToken 2']", 'Thu Apr  7 14:29:31 2016')
('REMOVED = []', 'Thu Apr  7 14:29:31 2016')
('ADDED = []', 'Thu Apr  7 14:29:31 2016')
("REMOVED = ['ACS ACR1281 1S Dual Reader ICC 0', 'ACS ACR1281 1S Dual Reader PICC 0', 'ACS ACR1281 1S Dual Reader SAM 0']", 'Thu Apr  7 14:29:31 2016')
("ADDED = ['ACS ACR1281 1S Dual Reader ICC 0', 'ACS ACR1281 1S Dual Reader PICC 0', 'ACS ACR1281 1S Dual Reader SAM 0', 'Aktiv Co. ruToken 0', 'Aktiv Co. ruToken 1', 'Aktiv Co. ruToken 2']", 'Thu Apr  7 14:42:05 2016')
('REMOVED = []', 'Thu Apr  7 14:42:05 2016')
('ADDED = []', 'Thu Apr  7 14:42:05 2016')
("REMOVED = ['ACS ACR1281 1S Dual Reader ICC 0', 'ACS ACR1281 1S Dual Reader PICC 0', 'ACS ACR1281 1S Dual Reader SAM 0']", 'Thu Apr  7 14:42:05 2016')
("ADDED = ['ACS ACR1281 1S Dual Reader ICC 0', 'ACS ACR1281 1S Dual Reader PICC 0', 'ACS ACR1281 1S Dual Reader SAM 0', 'Aktiv Co. ruToken 0', 'Aktiv Co. ruToken 1', 'Aktiv Co. ruToken 2']", 'Thu Apr  7 14:43:16 2016')
('REMOVED = []', 'Thu Apr  7 14:43:16 2016')
('ADDED = []', 'Thu Apr  7 14:43:16 2016')
("REMOVED = ['ACS ACR1281 1S Dual Reader ICC 0', 'ACS ACR1281 1S Dual Reader PICC 0', 'ACS ACR1281 1S Dual Reader SAM 0']", 'Thu Apr  7 14:43:16 2016')
("ADDED = ['ACS ACR1281 1S Dual Reader ICC 0', 'ACS ACR1281 1S Dual Reader PICC 0', 'ACS ACR1281 1S Dual Reader SAM 0']", 'Thu Apr  7 14:43:16 2016')
('REMOVED = []', 'Thu Apr  7 14:43:16 2016')
('ADDED = []', 'Thu Apr  7 14:43:16 2016')
("REMOVED = ['ACS ACR1281 1S Dual Reader ICC 0', 'ACS ACR1281 1S Dual Reader PICC 0', 'ACS ACR1281 1S Dual Reader SAM 0']", 'Thu Apr  7 14:43:16 2016')
("ADDED = ['ACS ACR1281 1S Dual Reader ICC 0', 'ACS ACR1281 1S Dual Reader PICC 0', 'ACS ACR1281 1S Dual Reader SAM 0']", 'Thu Apr  7 14:43:16 2016')
('REMOVED = []', 'Thu Apr  7 14:43:16 2016')
('ADDED = []', 'Thu Apr  7 14:43:16 2016')
("REMOVED = ['ACS ACR1281 1S Dual Reader ICC 0', 'ACS ACR1281 1S Dual Reader PICC 0', 'ACS ACR1281 1S Dual Reader SAM 0']", 'Thu Apr  7 14:43:16 2016')
("ADDED = ['ACS ACR1281 1S Dual Reader ICC 0', 'ACS ACR1281 1S Dual Reader PICC 0', 'ACS ACR1281 1S Dual Reader SAM 0']", 'Thu Apr  7 14:43:16 2016')
('REMOVED = []', 'Thu Apr  7 14:43:16 2016')
('ADDED = []', 'Thu Apr  7 14:43:16 2016')
("REMOVED = ['ACS ACR1281 1S Dual Reader ICC 0', 'ACS ACR1281 1S Dual Reader PICC 0', 'ACS ACR1281 1S Dual Reader SAM 0']", 'Thu Apr  7 14:43:16 2016')
("ADDED = ['ACS ACR1281 1S Dual Reader ICC 0', 'ACS ACR1281 1S Dual Reader PICC 0', 'ACS ACR1281 1S Dual Reader SAM 0']", 'Thu Apr  7 14:43:16 2016')
('REMOVED = []', 'Thu Apr  7 14:43:16 2016')
("ADDED = ['ACS ACR1281 1S Dual Reader ICC 0', 'ACS ACR1281 1S Dual Reader PICC 0', 'ACS ACR1281 1S Dual Reader SAM 0', 'Aktiv Co. ruToken 0', 'Aktiv Co. ruToken 1', 'Aktiv Co. ruToken 2']", 'Thu Apr  7 14:46:34 2016')
('REMOVED = []', 'Thu Apr  7 14:46:34 2016')
('ADDED = []', 'Thu Apr  7 14:46:34 2016')
("REMOVED = ['ACS ACR1281 1S Dual Reader ICC 0', 'ACS ACR1281 1S Dual Reader PICC 0', 'ACS ACR1281 1S Dual Reader SAM 0']", 'Thu Apr  7 14:46:34 2016')
("ADDED = ['ACS ACR1281 1S Dual Reader ICC 0', 'ACS ACR1281 1S Dual Reader PICC 0', 'ACS ACR1281 1S Dual Reader SAM 0']", 'Thu Apr  7 14:46:34 2016')
('REMOVED = []', 'Thu Apr  7 14:46:34 2016')
("ADDED = ['ACS ACR1281 1S Dual Reader ICC 0', 'ACS ACR1281 1S Dual Reader PICC 0', 'ACS ACR1281 1S Dual Reader SAM 0', 'Aktiv Co. ruToken 0', 'Aktiv Co. ruToken 1', 'Aktiv Co. ruToken 2']", 'Thu Apr  7 14:47:28 2016')
('REMOVED = []', 'Thu Apr  7 14:47:28 2016')
('ADDED = []', 'Thu Apr  7 14:47:28 2016')
("REMOVED = ['ACS ACR1281 1S Dual Reader ICC 0', 'ACS ACR1281 1S Dual Reader PICC 0', 'ACS ACR1281 1S Dual Reader SAM 0']", 'Thu Apr  7 14:47:28 2016')
("ADDED = ['ACS ACR1281 1S Dual Reader ICC 0', 'ACS ACR1281 1S Dual Reader PICC 0', 'ACS ACR1281 1S Dual Reader SAM 0', 'Aktiv Co. ruToken 0', 'Aktiv Co. ruToken 1', 'Aktiv Co. ruToken 2']", 'Thu Apr  7 14:47:56 2016')
('REMOVED = []', 'Thu Apr  7 14:47:56 2016')
('ADDED = []', 'Thu Apr  7 14:47:56 2016')
("REMOVED = ['ACS ACR1281 1S Dual Reader ICC 0', 'ACS ACR1281 1S Dual Reader PICC 0', 'ACS ACR1281 1S Dual Reader SAM 0']", 'Thu Apr  7 14:47:56 2016')
("ADDED = ['ACS ACR1281 1S Dual Reader ICC 0', 'ACS ACR1281 1S Dual Reader PICC 0', 'ACS ACR1281 1S Dual Reader SAM 0']", 'Thu Apr  7 14:47:56 2016')
('REMOVED = []', 'Thu Apr  7 14:47:56 2016')
("ADDED = ['ACS ACR1281 1S Dual Reader ICC 0', 'ACS ACR1281 1S Dual Reader PICC 0', 'ACS ACR1281 1S Dual Reader SAM 0', 'Aktiv Co. ruToken 0', 'Aktiv Co. ruToken 1', 'Aktiv Co. ruToken 2']", 'Thu Apr  7 14:48:43 2016')
('REMOVED = []', 'Thu Apr  7 14:48:43 2016')
('ADDED = []', 'Thu Apr  7 14:48:43 2016')
("REMOVED = ['ACS ACR1281 1S Dual Reader ICC 0', 'ACS ACR1281 1S Dual Reader PICC 0', 'ACS ACR1281 1S Dual Reader SAM 0']", 'Thu Apr  7 14:48:43 2016')
("ADDED = ['ACS ACR1281 1S Dual Reader ICC 0', 'ACS ACR1281 1S Dual Reader PICC 0', 'ACS ACR1281 1S Dual Reader SAM 0']", 'Thu Apr  7 14:48:43 2016')
('REMOVED = []', 'Thu Apr  7 14:48:43 2016')
("ADDED = ['ACS ACR1281 1S Dual Reader ICC 0', 'ACS ACR1281 1S Dual Reader PICC 0', 'ACS ACR1281 1S Dual Reader SAM 0', 'Aktiv Co. ruToken 0', 'Aktiv Co. ruToken 1', 'Aktiv Co. ruToken 2']", 'Thu Apr  7 14:50:18 2016')
('REMOVED = []', 'Thu Apr  7 14:50:18 2016')
('ADDED = []', 'Thu Apr  7 14:50:18 2016')
("REMOVED = ['ACS ACR1281 1S Dual Reader ICC 0', 'ACS ACR1281 1S Dual Reader PICC 0', 'ACS ACR1281 1S Dual Reader SAM 0']", 'Thu Apr  7 14:50:18 2016')
("ADDED = ['ACS ACR1281 1S Dual Reader ICC 0', 'ACS ACR1281 1S Dual Reader PICC 0']", 'Thu Apr  7 14:50:18 2016')
('REMOVED = []', 'Thu Apr  7 14:50:18 2016')
("ADDED = ['ACS ACR1281 1S Dual Reader SAM 0']", 'Thu Apr  7 14:50:18 2016')
('REMOVED = []', 'Thu Apr  7 14:50:18 2016')
("ADDED = ['ACS ACR1281 1S Dual Reader ICC 0', 'ACS ACR1281 1S Dual Reader PICC 0', 'ACS ACR1281 1S Dual Reader SAM 0', 'Aktiv Co. ruToken 0', 'Aktiv Co. ruToken 1', 'Aktiv Co. ruToken 2']", 'Thu Apr  7 14:50:56 2016')
('REMOVED = []', 'Thu Apr  7 14:50:56 2016')
('ADDED = []', 'Thu Apr  7 14:50:56 2016')
("REMOVED = ['ACS ACR1281 1S Dual Reader ICC 0', 'ACS ACR1281 1S Dual Reader PICC 0', 'ACS ACR1281 1S Dual Reader SAM 0']", 'Thu Apr  7 14:50:56 2016')
("ADDED = ['ACS ACR1281 1S Dual Reader ICC 0', 'ACS ACR1281 1S Dual Reader PICC 0', 'ACS ACR1281 1S Dual Reader SAM 0']", 'Thu Apr  7 14:50:56 2016')
('REMOVED = []', 'Thu Apr  7 14:50:56 2016')
("ADDED = ['ACS ACR1281 1S Dual Reader ICC 0', 'ACS ACR1281 1S Dual Reader PICC 0', 'ACS ACR1281 1S Dual Reader SAM 0', 'Aktiv Co. ruToken 0', 'Aktiv Co. ruToken 1', 'Aktiv Co. ruToken 2']", 'Thu Apr  7 14:52:40 2016')
('REMOVED = []', 'Thu Apr  7 14:52:40 2016')
('ADDED = []', 'Thu Apr  7 14:52:40 2016')
("REMOVED = ['ACS ACR1281 1S Dual Reader ICC 0', 'ACS ACR1281 1S Dual Reader PICC 0', 'ACS ACR1281 1S Dual Reader SAM 0']", 'Thu Apr  7 14:52:40 2016')
("ADDED = ['ACS ACR1281 1S Dual Reader ICC 0', 'ACS ACR1281 1S Dual Reader PICC 0', 'ACS ACR1281 1S Dual Reader SAM 0']", 'Thu Apr  7 14:52:40 2016')
('REMOVED = []', 'Thu Apr  7 14:52:40 2016')
("ADDED = ['ACS ACR1281 1S Dual Reader ICC 0', 'ACS ACR1281 1S Dual Reader PICC 0', 'ACS ACR1281 1S Dual Reader SAM 0', 'Aktiv Co. ruToken 0', 'Aktiv Co. ruToken 1', 'Aktiv Co. ruToken 2']", 'Thu Apr  7 14:54:53 2016')
('REMOVED = []', 'Thu Apr  7 14:54:53 2016')
('ADDED = []', 'Thu Apr  7 14:54:53 2016')
("REMOVED = ['ACS ACR1281 1S Dual Reader ICC 0', 'ACS ACR1281 1S Dual Reader PICC 0', 'ACS ACR1281 1S Dual Reader SAM 0']", 'Thu Apr  7 14:54:53 2016')
("ADDED = ['ACS ACR1281 1S Dual Reader ICC 0', 'ACS ACR1281 1S Dual Reader PICC 0', 'ACS ACR1281 1S Dual Reader SAM 0', 'Aktiv Co. ruToken 0', 'Aktiv Co. ruToken 1', 'Aktiv Co. ruToken 2']", 'Thu Apr  7 14:55:34 2016')
('REMOVED = []', 'Thu Apr  7 14:55:34 2016')
('ADDED = []', 'Thu Apr  7 14:55:34 2016')
("REMOVED = ['ACS ACR1281 1S Dual Reader ICC 0', 'ACS ACR1281 1S Dual Reader PICC 0', 'ACS ACR1281 1S Dual Reader SAM 0']", 'Thu Apr  7 14:55:34 2016')
("ADDED = ['ACS ACR1281 1S Dual Reader ICC 0', 'ACS ACR1281 1S Dual Reader PICC 0', 'ACS ACR1281 1S Dual Reader SAM 0', 'Aktiv Co. ruToken 0', 'Aktiv Co. ruToken 1', 'Aktiv Co. ruToken 2']", 'Thu Apr  7 14:56:56 2016')
('REMOVED = []', 'Thu Apr  7 14:56:56 2016')
('ADDED = []', 'Thu Apr  7 14:56:56 2016')
("REMOVED = ['ACS ACR1281 1S Dual Reader ICC 0', 'ACS ACR1281 1S Dual Reader PICC 0', 'ACS ACR1281 1S Dual Reader SAM 0']", 'Thu Apr  7 14:56:56 2016')
("ADDED = ['ACS ACR1281 1S Dual Reader ICC 0', 'ACS ACR1281 1S Dual Reader PICC 0', 'ACS ACR1281 1S Dual Reader SAM 0', 'Aktiv Co. ruToken 0', 'Aktiv Co. ruToken 1', 'Aktiv Co. ruToken 2']", 'Thu Apr  7 14:57:20 2016')
('REMOVED = []', 'Thu Apr  7 14:57:20 2016')
('ADDED = []', 'Thu Apr  7 14:57:20 2016')
("REMOVED = ['ACS ACR1281 1S Dual Reader ICC 0', 'ACS ACR1281 1S Dual Reader PICC 0', 'ACS ACR1281 1S Dual Reader SAM 0']", 'Thu Apr  7 14:57:20 2016')
("ADDED = ['ACS ACR1281 1S Dual Reader ICC 0', 'ACS ACR1281 1S Dual Reader PICC 0', 'ACS ACR1281 1S Dual Reader SAM 0']", 'Thu Apr  7 14:57:20 2016')
('REMOVED = []', 'Thu Apr  7 14:57:20 2016')
('ADDED = []', 'Thu Apr  7 14:57:20 2016')
("REMOVED = ['ACS ACR1281 1S Dual Reader ICC 0', 'ACS ACR1281 1S Dual Reader PICC 0', 'ACS ACR1281 1S Dual Reader SAM 0']", 'Thu Apr  7 14:57:20 2016')
("ADDED = ['ACS ACR1281 1S Dual Reader ICC 0', 'ACS ACR1281 1S Dual Reader PICC 0', 'ACS ACR1281 1S Dual Reader SAM 0']", 'Thu Apr  7 14:57:20 2016')
('REMOVED = []', 'Thu Apr  7 14:57:20 2016')
("ADDED = ['ACS ACR1281 1S Dual Reader ICC 0', 'ACS ACR1281 1S Dual Reader PICC 0', 'ACS ACR1281 1S Dual Reader SAM 0', 'Aktiv Co. ruToken 0', 'Aktiv Co. ruToken 1', 'Aktiv Co. ruToken 2']", 'Thu Apr  7 15:13:32 2016')
('REMOVED = []', 'Thu Apr  7 15:13:32 2016')
("ADDED = ['ACS ACR1281 1S Dual Reader ICC 0', 'ACS ACR1281 1S Dual Reader PICC 0', 'ACS ACR1281 1S Dual Reader SAM 0', 'Aktiv Co. ruToken 0', 'Aktiv Co. ruToken 1', 'Aktiv Co. ruToken 2']", 'Thu Apr  7 15:16:22 2016')
('REMOVED = []', 'Thu Apr  7 15:16:22 2016')
('ADDED = []', 'Thu Apr  7 15:16:22 2016')
("REMOVED = ['ACS ACR1281 1S Dual Reader ICC 0', 'ACS ACR1281 1S Dual Reader PICC 0', 'ACS ACR1281 1S Dual Reader SAM 0']", 'Thu Apr  7 15:16:22 2016')
("ADDED = ['ACS ACR1281 1S Dual Reader ICC 0', 'ACS ACR1281 1S Dual Reader PICC 0', 'ACS ACR1281 1S Dual Reader SAM 0']", 'Thu Apr  7 15:16:22 2016')
('REMOVED = []', 'Thu Apr  7 15:16:22 2016')
("ADDED = ['ACS ACR1281 1S Dual Reader ICC 0', 'ACS ACR1281 1S Dual Reader PICC 0', 'ACS ACR1281 1S Dual Reader SAM 0', 'Aktiv Co. ruToken 0', 'Aktiv Co. ruToken 1', 'Aktiv Co. ruToken 2']", 'Thu Apr  7 15:18:44 2016')
('REMOVED = []', 'Thu Apr  7 15:18:44 2016')
